SF:C:\laragon\www\Thuc_tap\C#\Tuan_2\Day_9\PayrollSystem\Models\Employee.cs
FN:4,System.Int32 PayrollSystem.Employee::get_Id()
FNDA:5,System.Int32 PayrollSystem.Employee::get_Id()
DA:5,5
FN:5,System.String PayrollSystem.Employee::get_Name()
FNDA:10,System.String PayrollSystem.Employee::get_Name()
DA:6,10
FN:6,System.Decimal PayrollSystem.Employee::get_BaseSalary()
FNDA:13,System.Decimal PayrollSystem.Employee::get_BaseSalary()
DA:7,13
FN:7,System.Decimal PayrollSystem.Employee::get_Bonus()
FNDA:12,System.Decimal PayrollSystem.Employee::get_Bonus()
DA:8,12
FN:8,System.Decimal PayrollSystem.Employee::get_Deduction()
FNDA:12,System.Decimal PayrollSystem.Employee::get_Deduction()
DA:9,12
LF:5
LH:5
BRF:0
BRH:0
FNF:5
FNH:5
end_of_record
SF:C:\laragon\www\Thuc_tap\C#\Tuan_2\Day_9\PayrollSystem\Services\PayrollService.cs
FN:11,System.Decimal PayrollSystem.PayrollService::GetNetSalary(System.Int32)
FNDA:2,System.Decimal PayrollSystem.PayrollService::GetNetSalary(System.Int32)
DA:12,2
DA:13,2
DA:14,2
DA:15,2
DA:16,1
FN:5,System.Void PayrollSystem.PayrollService::.ctor(PayrollSystem.IEmployeeRepository)
FNDA:2,System.Void PayrollSystem.PayrollService::.ctor(PayrollSystem.IEmployeeRepository)
DA:6,2
DA:7,2
DA:8,2
DA:9,2
LF:9
LH:9
BRF:0
BRH:0
FNF:2
FNH:2
end_of_record
SF:C:\laragon\www\Thuc_tap\C#\Tuan_2\Day_9\PayrollSystem\Services\SalaryCalculator.cs
FN:5,System.Decimal PayrollSystem.SalaryCalculator::CalculateNetSalary(PayrollSystem.Employee)
FNDA:7,System.Decimal PayrollSystem.SalaryCalculator::CalculateNetSalary(PayrollSystem.Employee)
DA:6,7
DA:7,9
DA:8,7
DA:10,3
DA:11,3
BRDA:7,7,0,2
BRDA:7,7,1,5
BRDA:8,36,0,4
BRDA:8,54,0,4
BRDA:8,36,1,1
BRDA:8,54,1,1
BRDA:8,77,0,2
BRDA:8,77,1,3
LF:5
LH:5
BRF:8
BRH:8
FNF:1
FNH:1
end_of_record